Build started 24/5/2016 2:49:03 πμ.
     1>Project "C:\Users\Anastasia\Desktop\scene_analysis_v1\scene_analysis_v1\scene_analysis_v1.vcxproj" on node 2 (rebuild target(s)).
     1>_PrepareForClean:
         Deleting file "Release\scene_analysis_v1.lastbuildstate".
       InitializeBuildStatus:
         Creating "Release\scene_analysis_v1.unsuccessfulbuild" because "AlwaysCreate" was specified.
       ClCompile:
         C:\Program Files (x86)\Microsoft Visual Studio 10.0\VC\bin\CL.exe /c /I"C:\OpenCV 2.4.11\opencv\build\include" /I"C:\OpenCV 2.4.11\opencv\build\include\opencv" /I"C:\OpenCV 2.4.11\opencv\build\include\opencv2" /Zi /nologo /W3 /WX- /O2 /Oi /Oy- /GL /D _MBCS /Gm- /EHsc /MD /GS /Gy /fp:precise /Zc:wchar_t /Zc:forScope /Fo"Release\\" /Fd"Release\vc100.pdb" /Gd /TP /analyze- /errorReport:prompt Main.cpp Shape.cpp
         Main.cpp
     1>Main.cpp(65): warning C4018: '<' : signed/unsigned mismatch
         Shape.cpp
       Link:
         C:\Program Files (x86)\Microsoft Visual Studio 10.0\VC\bin\link.exe /ERRORREPORT:PROMPT /OUT:"C:\Users\Anastasia\Desktop\scene_analysis_v1\Release\scene_analysis_v1.exe" /NOLOGO /LIBPATH:"C:\OpenCV 2.4.11\opencv\build\x86\vc10\bin" /LIBPATH:"C:\OpenCV 2.4.11\opencv\build\x86\vc10\lib" opencv_calib3d2411.lib opencv_contrib2411.lib opencv_core2411.lib opencv_features2d2411.lib opencv_flann2411.lib opencv_gpu2411.lib opencv_highgui2411.lib opencv_imgproc2411.lib opencv_legacy2411.lib opencv_ml2411.lib opencv_nonfree2411.lib opencv_objdetect2411.lib opencv_photo2411.lib opencv_stitching2411.lib opencv_ts2411.lib opencv_video2411.lib opencv_videostab2411.lib kernel32.lib user32.lib gdi32.lib winspool.lib comdlg32.lib advapi32.lib shell32.lib ole32.lib oleaut32.lib uuid.lib odbc32.lib odbccp32.lib /MANIFEST /ManifestFile:"Release\scene_analysis_v1.exe.intermediate.manifest" /MANIFESTUAC:"level='asInvoker' uiAccess='false'" /DEBUG /PDB:"C:\Users\Anastasia\Desktop\scene_analysis_v1\Release\scene_analysis_v1.pdb" /OPT:REF /OPT:ICF /LTCG /TLBID:1 /DYNAMICBASE /NXCOMPAT /IMPLIB:"C:\Users\Anastasia\Desktop\scene_analysis_v1\Release\scene_analysis_v1.lib" /MACHINE:X86 Release\Main.obj
         Release\Shape.obj
         Generating code
         Finished generating code
         scene_analysis_v1.vcxproj -> C:\Users\Anastasia\Desktop\scene_analysis_v1\Release\scene_analysis_v1.exe
       Manifest:
         C:\Program Files (x86)\Microsoft SDKs\Windows\v7.0A\bin\mt.exe /nologo /verbose /outputresource:"C:\Users\Anastasia\Desktop\scene_analysis_v1\Release\scene_analysis_v1.exe;#1" /manifest Release\scene_analysis_v1.exe.intermediate.manifest
       FinalizeBuildStatus:
         Deleting file "Release\scene_analysis_v1.unsuccessfulbuild".
         Touching "Release\scene_analysis_v1.lastbuildstate".
     1>Done Building Project "C:\Users\Anastasia\Desktop\scene_analysis_v1\scene_analysis_v1\scene_analysis_v1.vcxproj" (rebuild target(s)).

Build succeeded.

Time Elapsed 00:00:02.70
